\BOOKMARK [0][-]{chapter*.2}{\376\377\000B\000e\000v\000e\000z\000e\000t\000\351\000s}{}% 1
\BOOKMARK [0][-]{chapter.1}{\376\377\0001\000.\000\040\000V\000\341\000l\000a\000s\000z\000t\000o\000t\000t\000\040\000t\000e\000c\000h\000n\000o\000l\000\363\000g\000i\000\341\000k\000\040\000b\000e\000m\000u\000t\000a\000t\000\341\000s\000a}{}% 2
\BOOKMARK [1][-]{section.1.1}{\376\377\0001\000.\0001\000.\000\040\000.\000N\000E\000T\000\040\000K\000e\000r\000e\000t\000r\000e\000n\000d\000s\000z\000e\000r\000\040\000M\000i\000c\000r\000o\000s\000o\000f\000t}{chapter.1}% 3
\BOOKMARK [1][-]{section.1.2}{\376\377\0001\000.\0002\000.\000\040\000E\000n\000t\000i\000t\000y\000\040\000F\000r\000a\000m\000e\000w\000o\000r\000k\000\040\000E\000n\000t\000i\000t\000y}{chapter.1}% 4
\BOOKMARK [1][-]{section.1.3}{\376\377\0001\000.\0003\000.\000\040\000W\000i\000n\000d\000o\000w\000s\000\040\000P\000r\000e\000s\000e\000n\000t\000a\000t\000i\000o\000n\000\040\000F\000o\000u\000n\000d\000a\000t\000i\000o\000n}{chapter.1}% 5
\BOOKMARK [1][-]{section.1.4}{\376\377\0001\000.\0004\000.\000\040\000M\000V\000V\000M\000\040\000\050\000M\000o\000d\000e\000l\000-\000V\000i\000e\000w\000-\000V\000i\000e\000w\000M\000o\000d\000e\000l\000\051}{chapter.1}% 6
\BOOKMARK [1][-]{section.1.5}{\376\377\0001\000.\0005\000.\000\040\000M\000i\000c\000r\000o\000s\000o\000f\000t\000\040\000S\000Q\000L\000\040\000S\000e\000r\000v\000e\000r}{chapter.1}% 7
\BOOKMARK [1][-]{section.1.6}{\376\377\0001\000.\0006\000.\000\040\000U\000i\000P\000a\000t\000h}{chapter.1}% 8
\BOOKMARK [2][-]{subsection.1.6.1}{\376\377\0001\000.\0006\000.\0001\000.\000\040\000\040\000U\000i\000P\000a\000t\000h\000\040\000S\000t\000u\000d\000i\000o}{section.1.6}% 9
\BOOKMARK [2][-]{subsection.1.6.2}{\376\377\0001\000.\0006\000.\0002\000.\000\040\000\040\000U\000i\000P\000a\000t\000h\000\040\000O\000r\000c\000h\000e\000s\000t\000r\000a\000t\000o\000r}{section.1.6}% 10
\BOOKMARK [2][-]{subsection.1.6.3}{\376\377\0001\000.\0006\000.\0003\000.\000\040\000\040\000U\000i\000P\000a\000t\000h\000\040\000R\000o\000b\000o\000t}{section.1.6}% 11
\BOOKMARK [0][-]{chapter.2}{\376\377\0002\000.\000\040\000M\000e\000g\000o\000l\000d\000\341\000s}{}% 12
\BOOKMARK [1][-]{section.2.1}{\376\377\0002\000.\0001\000.\000\040\000R\000E\000S\000T\000\040\000A\000P\000I\000\040\000S\000z\000e\000r\000v\000e\000r}{chapter.2}% 13
\BOOKMARK [2][-]{subsection.2.1.1}{\376\377\0002\000.\0001\000.\0001\000.\000\040\000A\000d\000a\000t\000b\000\341\000z\000i\000s}{section.2.1}% 14
\BOOKMARK [2][-]{subsection.2.1.2}{\376\377\0002\000.\0001\000.\0002\000.\000\040\000A\000d\000a\000t\000b\000\341\000z\000i\000s\000\040\000i\000n\000i\000c\000i\000a\000l\000i\000z\000\341\000l\000\341\000s\000a}{section.2.1}% 15
\BOOKMARK [2][-]{subsection.2.1.3}{\376\377\0002\000.\0001\000.\0003\000.\000\040\000K\000o\000n\000t\000r\000o\000l\000l\000e\000r\000\040\000o\000s\000z\000t\000\341\000l\000y}{section.2.1}% 16
\BOOKMARK [1][-]{section.2.2}{\376\377\0002\000.\0002\000.\000\040\000E\000x\000c\000e\000l\000\040\000D\000a\000t\000a\000\040\000L\000o\000a\000d\000e\000r}{chapter.2}% 17
\BOOKMARK [2][-]{subsection.2.2.1}{\376\377\0002\000.\0002\000.\0001\000.\000\040\000E\000x\000c\000e\000l\000\040\000f\000i\000l\000e\000\040\000f\000e\000l\000d\000o\000l\000g\000o\000z\000\341\000s\000a}{section.2.2}% 18
\BOOKMARK [1][-]{section.2.3}{\376\377\0002\000.\0003\000.\000\040\000U\000i\000P\000a\000t\000h\000\040\000R\000o\000b\000o\000t}{chapter.2}% 19
\BOOKMARK [0][-]{chapter*.17}{\376\377\000\326\000s\000s\000z\000e\000g\000z\000\351\000s}{}% 20
\BOOKMARK [0][-]{chapter*.18}{\376\377\000I\000r\000o\000d\000a\000l\000o\000m\000j\000e\000g\000y\000z\000\351\000k}{}% 21
